Build started 5/14/2015 10:03:02 PM.
     1>Project "c:\Users\mdm\documents\visual studio 2015\Projects\wintest\wintest\wintest.vcxproj" on node 2 (Build target(s)).
     1>ClCompile:
         C:\Program Files (x86)\Microsoft Visual Studio 14.0\VC\bin\CL.exe /c /ZI /nologo /W3 /WX- /sdl /Od /Oy- /D WIN32 /D _DEBUG /D _CONSOLE /D _UNICODE /D UNICODE /Gm /EHsc /RTC1 /MDd /GS /fp:precise /Zc:wchar_t /Zc:forScope /Zc:inline /Fo"Debug\\" /Fd"Debug\vc140.pdb" /Gd /TP /analyze- /errorReport:prompt main.cpp mrc.cpp
         mrc.cpp
         main.cpp
         Generating Code...
       Link:
         C:\Program Files (x86)\Microsoft Visual Studio 14.0\VC\bin\link.exe /ERRORREPORT:PROMPT /OUT:"c:\Users\mdm\documents\visual studio 2015\Projects\wintest\Debug\wintest.exe" /INCREMENTAL /NOLOGO kernel32.lib user32.lib gdi32.lib winspool.lib comdlg32.lib advapi32.lib shell32.lib ole32.lib oleaut32.lib uuid.lib odbc32.lib odbccp32.lib /MANIFEST /MANIFESTUAC:"level='asInvoker' uiAccess='false'" /manifest:embed /Debug /PDB:"c:\Users\mdm\documents\visual studio 2015\Projects\wintest\Debug\wintest.pdb" /SUBSYSTEM:CONSOLE /TLBID:1 /DYNAMICBASE /NXCOMPAT /IMPLIB:"c:\Users\mdm\documents\visual studio 2015\Projects\wintest\Debug\wintest.lib" /MACHINE:X86 Debug\main.obj
         Debug\mrc.obj
     1>main.obj : fatal error LNK1164: section 0x5 alignment (16) greater than /ALIGN value
     1>C:\Program Files (x86)\MSBuild\Microsoft.Cpp\v4.0\V140\Microsoft.CppCommon.targets(643,5): error MSB6006: "link.exe" exited with code 1164.
     1>Done Building Project "c:\Users\mdm\documents\visual studio 2015\Projects\wintest\wintest\wintest.vcxproj" (Build target(s)) -- FAILED.

Build FAILED.

Time Elapsed 00:00:02.73
